<?xml version="1.0" encoding="UTF-8"?>
<testng-results ignored="0" total="1" passed="1" failed="0" skipped="0">
  <reporter-output>
  </reporter-output>
  <suite started-at="2022-02-01T15:46:34 IST" name="Default suite" finished-at="2022-02-01T15:46:39 IST" duration-ms="4332">
    <groups>
    </groups>
    <test started-at="2022-02-01T15:46:34 IST" name="Default test" finished-at="2022-02-01T15:46:39 IST" duration-ms="4332">
      <class name="PoweTerm.DemoPowerTerm">
        <test-method is-config="true" signature="SetUp()[pri:0, instance:PoweTerm.DemoPowerTerm@49912c99]" started-at="2022-02-01T15:46:35 IST" name="SetUp" finished-at="2022-02-01T15:46:36 IST" duration-ms="1017" status="PASS">
          <reporter-output>
          </reporter-output>
        </test-method> <!-- SetUp -->
        <test-method signature="EnterHostName()[pri:0, instance:PoweTerm.DemoPowerTerm@49912c99]" started-at="2022-02-01T15:46:36 IST" name="EnterHostName" finished-at="2022-02-01T15:46:39 IST" duration-ms="3049" status="PASS">
          <reporter-output>
          </reporter-output>
        </test-method> <!-- EnterHostName -->
        <test-method is-config="true" signature="TearDown()[pri:0, instance:PoweTerm.DemoPowerTerm@49912c99]" started-at="2022-02-01T15:46:39 IST" name="TearDown" finished-at="2022-02-01T15:46:39 IST" duration-ms="234" status="PASS">
          <reporter-output>
          </reporter-output>
        </test-method> <!-- TearDown -->
      </class> <!-- PoweTerm.DemoPowerTerm -->
    </test> <!-- Default test -->
  </suite> <!-- Default suite -->
</testng-results>
